<?xml version="1.0" encoding="UTF-8"?>
<!-- Generated by org.testng.reporters.JUnitReportReporter -->
<testsuite hostname="VIJAYVIBEE" failures="0" tests="2" name="Radiobutton" time="87.997" errors="0" timestamp="2023-01-29T11:17:39 IST" skipped="0">
  <testcase classname="Radiobutton" name="choose2" time="29.339"/>
  <system-out/>
  <testcase classname="Radiobutton" name="choose" time="58.658"/>
  <system-out/>
</testsuite> <!-- Radiobutton -->
