<?xml version="1.0" encoding="UTF-8"?>
<!-- Generated by org.testng.reporters.JUnitReportReporter -->
<testsuite hostname="VIJAYVIBEE" failures="0" tests="1" name="TestwithTestNG" time="2.383" errors="0" timestamp="2023-01-29T10:51:42 IST" skipped="0">
  <testcase classname="TestwithTestNG" name="signup" time="2.383"/>
  <system-out/>
</testsuite> <!-- TestwithTestNG -->
