<?xml version="1.0" encoding="UTF-8"?>
<!-- Generated by org.testng.reporters.JUnitReportReporter -->
<testsuite hostname="VIJAYVIBEE" failures="0" tests="2" name="vijay" time="0.009" errors="0" timestamp="2023-01-22T10:32:43 IST" skipped="0">
  <testcase classname="vijay" name="compose" time="0.008"/>
  <system-out/>
  <testcase classname="vijay" name="delete" time="0.001"/>
  <system-out/>
</testsuite> <!-- vijay -->
