<?xml version="1.0" encoding="UTF-8"?>
<!-- Generated by org.testng.reporters.JUnitReportReporter -->
<testsuite hostname="VIJAYVIBEE" failures="0" tests="3" name="Login" time="0.220" errors="0" timestamp="2023-01-22T10:35:31 IST" skipped="0">
  <testcase classname="Login" name="login" time="0.066"/>
  <system-out/>
  <testcase classname="Login" name="enterEmail" time="0.077"/>
  <system-out/>
  <testcase classname="Login" name="enterPwd" time="0.077"/>
  <system-out/>
</testsuite> <!-- Login -->
